  main.cpp
c:\users\joris\documents\github\modelisationgeometrique_tp8_surfaceparam\modelisationgeometrique_tp8_surfaceparam\main.cpp(70): warning C4244: 'argument' : conversion de 'const int' en 'float', perte possible de données
c:\users\joris\documents\github\modelisationgeometrique_tp8_surfaceparam\modelisationgeometrique_tp8_surfaceparam\main.cpp(70): warning C4244: 'argument' : conversion de 'int' en 'float', perte possible de données
c:\users\joris\documents\github\modelisationgeometrique_tp8_surfaceparam\modelisationgeometrique_tp8_surfaceparam\main.cpp(113): warning C4305: '+=' : troncation de 'double' à 'float'
c:\users\joris\documents\github\modelisationgeometrique_tp8_surfaceparam\modelisationgeometrique_tp8_surfaceparam\main.cpp(116): warning C4244: 'argument' : conversion de 'double' en 'GLfloat', perte possible de données
c:\users\joris\documents\github\modelisationgeometrique_tp8_surfaceparam\modelisationgeometrique_tp8_surfaceparam\main.cpp(128): warning C4244: 'argument' : conversion de 'double' en 'GLfloat', perte possible de données
c:\users\joris\documents\github\modelisationgeometrique_tp8_surfaceparam\modelisationgeometrique_tp8_surfaceparam\main.cpp(140): warning C4018: '<' : incompatibilité signed/unsigned
c:\users\joris\documents\github\modelisationgeometrique_tp8_surfaceparam\modelisationgeometrique_tp8_surfaceparam\main.cpp(144): warning C4244: 'argument' : conversion de 'double' en 'GLfloat', perte possible de données
c:\users\joris\documents\github\modelisationgeometrique_tp8_surfaceparam\modelisationgeometrique_tp8_surfaceparam\main.cpp(168): warning C4244: 'argument' : conversion de 'double' en 'GLfloat', perte possible de données
c:\users\joris\documents\github\modelisationgeometrique_tp8_surfaceparam\modelisationgeometrique_tp8_surfaceparam\main.cpp(169): warning C4244: 'argument' : conversion de 'double' en 'GLfloat', perte possible de données
c:\users\joris\documents\github\modelisationgeometrique_tp8_surfaceparam\modelisationgeometrique_tp8_surfaceparam\main.cpp(170): warning C4244: 'argument' : conversion de 'double' en 'GLfloat', perte possible de données
c:\users\joris\documents\github\modelisationgeometrique_tp8_surfaceparam\modelisationgeometrique_tp8_surfaceparam\main.cpp(171): warning C4244: 'argument' : conversion de 'double' en 'GLfloat', perte possible de données
c:\users\joris\documents\github\modelisationgeometrique_tp8_surfaceparam\modelisationgeometrique_tp8_surfaceparam\main.cpp(194): warning C4244: 'argument' : conversion de 'double' en 'GLfloat', perte possible de données
c:\users\joris\documents\github\modelisationgeometrique_tp8_surfaceparam\modelisationgeometrique_tp8_surfaceparam\main.cpp(195): warning C4244: 'argument' : conversion de 'double' en 'GLfloat', perte possible de données
c:\users\joris\documents\github\modelisationgeometrique_tp8_surfaceparam\modelisationgeometrique_tp8_surfaceparam\main.cpp(227): warning C4244: 'argument' : conversion de 'double' en 'GLfloat', perte possible de données
c:\users\joris\documents\github\modelisationgeometrique_tp8_surfaceparam\modelisationgeometrique_tp8_surfaceparam\main.cpp(228): warning C4244: 'argument' : conversion de 'double' en 'GLfloat', perte possible de données
c:\users\joris\documents\github\modelisationgeometrique_tp8_surfaceparam\modelisationgeometrique_tp8_surfaceparam\main.cpp(229): warning C4244: 'argument' : conversion de 'double' en 'GLfloat', perte possible de données
c:\users\joris\documents\github\modelisationgeometrique_tp8_surfaceparam\modelisationgeometrique_tp8_surfaceparam\main.cpp(231): warning C4244: 'argument' : conversion de 'double' en 'GLfloat', perte possible de données
c:\users\joris\documents\github\modelisationgeometrique_tp8_surfaceparam\modelisationgeometrique_tp8_surfaceparam\main.cpp(232): warning C4244: 'argument' : conversion de 'double' en 'GLfloat', perte possible de données
c:\users\joris\documents\github\modelisationgeometrique_tp8_surfaceparam\modelisationgeometrique_tp8_surfaceparam\main.cpp(233): warning C4244: 'argument' : conversion de 'double' en 'GLfloat', perte possible de données
c:\users\joris\documents\github\modelisationgeometrique_tp8_surfaceparam\modelisationgeometrique_tp8_surfaceparam\main.cpp(256): warning C4244: 'argument' : conversion de 'double' en 'GLfloat', perte possible de données
c:\users\joris\documents\github\modelisationgeometrique_tp8_surfaceparam\modelisationgeometrique_tp8_surfaceparam\main.cpp(354): warning C4305: '=' : troncation de 'double' à 'float'
c:\users\joris\documents\github\modelisationgeometrique_tp8_surfaceparam\modelisationgeometrique_tp8_surfaceparam\main.cpp(358): warning C4305: '=' : troncation de 'double' à 'float'
c:\users\joris\documents\github\modelisationgeometrique_tp8_surfaceparam\modelisationgeometrique_tp8_surfaceparam\main.cpp(362): warning C4305: '=' : troncation de 'double' à 'float'
c:\users\joris\documents\github\modelisationgeometrique_tp8_surfaceparam\modelisationgeometrique_tp8_surfaceparam\main.cpp(366): warning C4305: '=' : troncation de 'double' à 'float'
c:\users\joris\documents\github\modelisationgeometrique_tp8_surfaceparam\modelisationgeometrique_tp8_surfaceparam\main.cpp(381): warning C4244: '=' : conversion de 'int' en 'float', perte possible de données
c:\users\joris\documents\github\modelisationgeometrique_tp8_surfaceparam\modelisationgeometrique_tp8_surfaceparam\main.cpp(382): warning C4244: '=' : conversion de 'int' en 'float', perte possible de données
  ModelisationGeometrique_TP8_SurfaceParam.vcxproj -> C:\Users\joris\Documents\GitHub\ModelisationGeometrique_TP8_SurfaceParam\Debug\ModelisationGeometrique_TP8_SurfaceParam.exe
  ModelisationGeometrique_TP8_SurfaceParam.vcxproj -> C:\Users\joris\Documents\GitHub\ModelisationGeometrique_TP8_SurfaceParam\Debug\ModelisationGeometrique_TP8_SurfaceParam.pdb (Partial PDB)
